<?xml version="1.0" encoding="UTF-8"?>
<!-- Generated by org.testng.reporters.JUnitReportReporter -->
<testsuite hostname="DESKTOP-ALD0Q5L" failures="0" tests="1" name="com.practice.DeleteOrgTest" time="0.020" errors="0" timestamp="2023-08-16T13:19:54 IST" skipped="0">
  <testcase classname="com.practice.DeleteOrgTest" name="deleteOrgMultiple" time="0.020"/>
  <system-out/>
</testsuite> <!-- com.practice.DeleteOrgTest -->
