<?xml version="1.0" encoding="UTF-8"?>
<!-- Generated by org.testng.reporters.JUnitReportReporter -->
<testsuite hostname="DESKTOP-ALD0Q5L" failures="0" tests="1" name="com.practice.modifiedOrg" time="0.016" errors="0" timestamp="2023-08-16T13:19:38 IST" skipped="0">
  <testcase classname="com.practice.modifiedOrg" name="modifiedOrg" time="0.016"/>
  <system-out/>
</testsuite> <!-- com.practice.modifiedOrg -->
