<?xml version="1.0" encoding="UTF-8"?>
<!-- Generated by org.testng.reporters.JUnitReportReporter -->
<testsuite hostname="DESKTOP-ALD0Q5L" failures="0" tests="1" name="com.practice.createOrgTest" time="0.011" errors="0" timestamp="2023-08-16T13:19:54 IST" skipped="0">
  <testcase classname="com.practice.createOrgTest" name="createOrg" time="0.011"/>
  <system-out/>
</testsuite> <!-- com.practice.createOrgTest -->
